Start testing: Aug 19 18:29 CEST
----------------------------------------------------------
1/2 Testing: Ping.ReturnsPongForPing
1/2 Test: Ping.ReturnsPongForPing
Command: "/Users/timimaucec/PRO/CPP/WCS/mini-wcs/build/wcs_tests" "--gtest_filter=Ping.ReturnsPongForPing" "--gtest_also_run_disabled_tests"
Directory: /Users/timimaucec/PRO/CPP/WCS/mini-wcs/build
"Ping.ReturnsPongForPing" start time: Aug 19 18:29 CEST
Output:
----------------------------------------------------------
Running main() from /Users/timimaucec/PRO/CPP/WCS/mini-wcs/build/_deps/googletest-src/googletest/src/gtest_main.cc
Note: Google Test filter = Ping.ReturnsPongForPing
[==========] Running 1 test from 1 test suite.
[----------] Global test environment set-up.
[----------] 1 test from Ping
[ RUN      ] Ping.ReturnsPongForPing
[       OK ] Ping.ReturnsPongForPing (0 ms)
[----------] 1 test from Ping (0 ms total)

[----------] Global test environment tear-down
[==========] 1 test from 1 test suite ran. (0 ms total)
[  PASSED  ] 1 test.
<end of output>
Test time =   0.01 sec
----------------------------------------------------------
Test Passed.
"Ping.ReturnsPongForPing" end time: Aug 19 18:29 CEST
"Ping.ReturnsPongForPing" time elapsed: 00:00:00
----------------------------------------------------------

2/2 Testing: Ping.EchoesOtherMessages
2/2 Test: Ping.EchoesOtherMessages
Command: "/Users/timimaucec/PRO/CPP/WCS/mini-wcs/build/wcs_tests" "--gtest_filter=Ping.EchoesOtherMessages" "--gtest_also_run_disabled_tests"
Directory: /Users/timimaucec/PRO/CPP/WCS/mini-wcs/build
"Ping.EchoesOtherMessages" start time: Aug 19 18:29 CEST
Output:
----------------------------------------------------------
Running main() from /Users/timimaucec/PRO/CPP/WCS/mini-wcs/build/_deps/googletest-src/googletest/src/gtest_main.cc
Note: Google Test filter = Ping.EchoesOtherMessages
[==========] Running 1 test from 1 test suite.
[----------] Global test environment set-up.
[----------] 1 test from Ping
[ RUN      ] Ping.EchoesOtherMessages
[       OK ] Ping.EchoesOtherMessages (0 ms)
[----------] 1 test from Ping (0 ms total)

[----------] Global test environment tear-down
[==========] 1 test from 1 test suite ran. (0 ms total)
[  PASSED  ] 1 test.
<end of output>
Test time =   0.00 sec
----------------------------------------------------------
Test Passed.
"Ping.EchoesOtherMessages" end time: Aug 19 18:29 CEST
"Ping.EchoesOtherMessages" time elapsed: 00:00:00
----------------------------------------------------------

End testing: Aug 19 18:29 CEST
